2025-01-17 14:46:45 [INFO ] [VideosSteps] - [user_click_on_add_videos_button] User clicked on Add Videos button
2025-01-17 14:47:16 [INFO ] [VideosSteps] - [user_click_on_add_videos_button] User clicked on Add Videos button
2025-01-17 14:47:22 [INFO ] [VideosSteps] - [video_title_border_color_should_be_red_indicating_that_field_is_mandatory] Success: Console Output is as expected: Border Color: rgb(245, 82, 82)

2025-01-17 14:47:36 [INFO ] [VideosSteps] - [user_click_on_add_videos_button] User clicked on Add Videos button
2025-01-17 14:47:44 [INFO ] [VideosSteps] - [user_should_able_to_see_video_listing_page] 
Console Output: Screenshot captured and attached to the report: Videos Listing

2025-01-17 14:47:59 [INFO ] [VideosSteps] - [user_click_on_add_videos_button] User clicked on Add Videos button
2025-01-17 14:48:06 [INFO ] [VideosSteps] - [user_should_able_to_see_video_listing_page] 
Console Output: Screenshot captured and attached to the report: Videos Listing

2025-01-17 14:48:15 [INFO ] [VideosSteps] - [user_click_on_add_videos_button] User clicked on Add Videos button
2025-01-17 14:48:39 [INFO ] [VideosSteps] - [user_click_on_add_videos_button] User clicked on Add Videos button
2025-01-17 14:48:45 [INFO ] [VideosSteps] - [an_video_already_exist_error_message_should_be_displayed_indicating] Success: Console Output is as expected: Video already exist.
2025-01-17 14:51:47 [INFO ] [AppBannerSteps] - [user_click_on_view_app_banner_button] Console Output: view
ID Title Image Target Url Action
1 111 http://skyonliners.com/demo/gammingle-web/webadmin/app_banner
2 Test APP Bannerr https://google.com
3 Aaa https://abdddc.com
4 App image http://skyonliners.com/demo/gammingle-web/webadmin/app_banner
5 Test 1 http://google.com
6 APP Title http://skyonliners.com/demo/gammingle-web/webadmin

2025-01-17 14:52:26 [INFO ] [AppBannerSteps] - [user_should_able_to_filtered_app_banner_data] 
 Console Output: Filter
ID Title Image Target Url Action
1 111 http://skyonliners.com/demo/gammingle-web/webadmin/app_banner
2 Test APP Bannerr https://google.com
3 Aaa https://abdddc.com
4 App image http://skyonliners.com/demo/gammingle-web/webadmin/app_banner
5 Test 1 http://google.com
6 APP Title http://skyonliners.com/demo/gammingle-web/webadmin

2025-01-17 14:52:41 [INFO ] [CMSPageSteps] - [user_should_able_to_see_the_cms_page_details] Console Output: CMS Page Spin Rules
Status In-Active

2025-01-17 14:52:45 [INFO ] [CMSPageSteps] - [user_should_able_to_see_the_cms_page_english_details] Console Output: 

2025-01-17 14:52:45 [INFO ] [CMSPageSteps] - [user_should_able_to_see_the_cms_page_hindi_details] Console Output: 

2025-01-17 14:53:30 [INFO ] [PromoBannerSteps] - [user_should_able_to_see_the_promo_banner_details] Console Output: view
View Promo Banner : Xyzz
Back
Title Xyzz
Image
Target Url https://abcc.com
Banner Status Active
Added At 25-05-2024

2025-01-17 14:54:07 [INFO ] [PromoBannerSteps] - [user_should_able_to_filtered_promo_banner_data] 
 Console Output: Filter
ID Title Image Target Url Action
1 Test Banner http://skyonliners.com/demo/gammingle-web/webadmin/promo_banner

